<?xml version="1.0" encoding="UTF-8"?>
<coverage generated="1466684518">
  <project timestamp="1466684518">
    <package name="Zver">
      <file name="C:\OpenServer\domains\finder\src\Zver/Finder.php">
        <class name="Finder" namespace="Zver" fullPackage="Zver" package="Zver">
          <metrics complexity="41" methods="16" coveredmethods="16" conditionals="0" coveredconditionals="0" statements="91" coveredstatements="91" elements="107" coveredelements="107"/>
        </class>
        <line num="56" type="method" name="instance" visibility="public" complexity="3" crap="3" count="12"/>
        <line num="58" type="stmt" count="12"/>
        <line num="59" type="stmt" count="12"/>
        <line num="60" type="stmt" count="12"/>
        <line num="61" type="stmt" count="7"/>
        <line num="62" type="stmt" count="7"/>
        <line num="63" type="stmt" count="7"/>
        <line num="64" type="stmt" count="7"/>
        <line num="65" type="stmt" count="7"/>
        <line num="66" type="stmt" count="7"/>
        <line num="68" type="stmt" count="12"/>
        <line num="78" type="method" name="addDirectories" visibility="public" complexity="3" crap="3" count="8"/>
        <line num="80" type="stmt" count="8"/>
        <line num="81" type="stmt" count="8"/>
        <line num="82" type="stmt" count="1"/>
        <line num="83" type="stmt" count="1"/>
        <line num="85" type="stmt" count="8"/>
        <line num="87" type="stmt" count="8"/>
        <line num="88" type="stmt" count="8"/>
        <line num="90" type="stmt" count="8"/>
        <line num="101" type="method" name="addDirectory" visibility="public" complexity="2" crap="2" count="9"/>
        <line num="103" type="stmt" count="9"/>
        <line num="104" type="stmt" count="8"/>
        <line num="105" type="stmt" count="8"/>
        <line num="106" type="stmt" count="8"/>
        <line num="108" type="stmt" count="8"/>
        <line num="119" type="method" name="checkDirectory" visibility="protected" complexity="4" crap="4" count="9"/>
        <line num="122" type="stmt" count="9"/>
        <line num="123" type="stmt" count="9"/>
        <line num="125" type="stmt" count="8"/>
        <line num="126" type="stmt" count="8"/>
        <line num="127" type="stmt" count="8"/>
        <line num="130" type="stmt" count="1"/>
        <line num="132" type="stmt" count="1"/>
        <line num="142" type="method" name="getDirectoryPath" visibility="protected" complexity="1" crap="1" count="8"/>
        <line num="144" type="stmt" count="8"/>
        <line num="155" type="method" name="addDirectoryFirst" visibility="public" complexity="2" crap="2" count="1"/>
        <line num="157" type="stmt" count="1"/>
        <line num="158" type="stmt" count="1"/>
        <line num="159" type="stmt" count="1"/>
        <line num="160" type="stmt" count="1"/>
        <line num="162" type="stmt" count="1"/>
        <line num="170" type="method" name="getDirectories" visibility="public" complexity="1" crap="1" count="1"/>
        <line num="172" type="stmt" count="1"/>
        <line num="178" type="method" name="resetDirectories" visibility="public" complexity="1" crap="1" count="1"/>
        <line num="180" type="stmt" count="1"/>
        <line num="182" type="stmt" count="1"/>
        <line num="190" type="method" name="resetFilters" visibility="public" complexity="1" crap="1" count="1"/>
        <line num="192" type="stmt" count="1"/>
        <line num="194" type="stmt" count="1"/>
        <line num="204" type="method" name="filter" visibility="public" complexity="1" crap="1" count="7"/>
        <line num="206" type="stmt" count="7"/>
        <line num="208" type="stmt" count="7"/>
        <line num="216" type="method" name="find" visibility="public" complexity="5" crap="5" count="8"/>
        <line num="219" type="stmt" count="8"/>
        <line num="220" type="stmt" count="8"/>
        <line num="222" type="stmt" count="8"/>
        <line num="223" type="stmt" count="8"/>
        <line num="225" type="stmt" count="8"/>
        <line num="227" type="stmt" count="7"/>
        <line num="228" type="stmt" count="8"/>
        <line num="229" type="stmt" count="8"/>
        <line num="231" type="stmt" count="8"/>
        <line num="233" type="stmt" count="7"/>
        <line num="234" type="stmt" count="7"/>
        <line num="235" type="stmt" count="7"/>
        <line num="237" type="stmt" count="8"/>
        <line num="245" type="method" name="process" visibility="protected" complexity="4" crap="4" count="7"/>
        <line num="247" type="stmt" count="7"/>
        <line num="248" type="stmt" count="7"/>
        <line num="249" type="stmt" count="7"/>
        <line num="250" type="stmt" count="7"/>
        <line num="251" type="stmt" count="6"/>
        <line num="252" type="stmt" count="6"/>
        <line num="253" type="stmt" count="7"/>
        <line num="254" type="stmt" count="7"/>
        <line num="261" type="method" name="isLimitNotExceeded" visibility="protected" complexity="3" crap="3" count="7"/>
        <line num="263" type="stmt" count="7"/>
        <line num="271" type="method" name="scan" visibility="protected" complexity="5" crap="5" count="7"/>
        <line num="273" type="stmt" count="7"/>
        <line num="274" type="stmt" count="7"/>
        <line num="275" type="stmt" count="7"/>
        <line num="276" type="stmt" count="7"/>
        <line num="277" type="stmt" count="7"/>
        <line num="278" type="stmt" count="7"/>
        <line num="279" type="stmt" count="7"/>
        <line num="281" type="stmt" count="7"/>
        <line num="282" type="stmt" count="7"/>
        <line num="283" type="stmt" count="7"/>
        <line num="284" type="stmt" count="7"/>
        <line num="285" type="stmt" count="7"/>
        <line num="286" type="stmt" count="7"/>
        <line num="287" type="stmt" count="7"/>
        <line num="288" type="stmt" count="7"/>
        <line num="289" type="stmt" count="7"/>
        <line num="296" type="method" name="getResults" visibility="protected" complexity="2" crap="2" count="8"/>
        <line num="298" type="stmt" count="8"/>
        <line num="299" type="stmt" count="8"/>
        <line num="300" type="stmt" count="2"/>
        <line num="301" type="stmt" count="2"/>
        <line num="303" type="stmt" count="8"/>
        <line num="313" type="method" name="limit" visibility="public" complexity="3" crap="3" count="3"/>
        <line num="315" type="stmt" count="3"/>
        <line num="316" type="stmt" count="3"/>
        <line num="317" type="stmt" count="2"/>
        <line num="319" type="stmt" count="2"/>
        <line num="321" type="stmt" count="1"/>
        <metrics loc="325" ncloc="192" classes="1" methods="16" coveredmethods="16" conditionals="0" coveredconditionals="0" statements="91" coveredstatements="91" elements="107" coveredelements="107"/>
      </file>
    </package>
    <metrics files="1" loc="325" ncloc="192" classes="1" methods="16" coveredmethods="16" conditionals="0" coveredconditionals="0" statements="91" coveredstatements="91" elements="107" coveredelements="107"/>
  </project>
</coverage>
